
**** Build of configuration Release for project ProjectRase ****

make all 
Building file: ../ProjectRase.cpp
Invoking: AVR C++ Compiler
avr-g++ -I"C:\arduino\hardware\arduino\cores\arduino" -I"C:\arduino\hardware\arduino\variants\mega" -I"C:\Users\alex\workspaceArduino\ProjectRase" -D__IN_ECLIPSE__=1 -DARDUINO=10.1 -Wall -Os -ffunction-sections -fdata-sections -fno-exceptions -g -mmcu=atmega2560 -DF_CPU=16000000UL -MMD -MP -MF"ProjectRase.d" -MT"ProjectRase.d" -c -o "ProjectRase.o" -x c++ "../ProjectRase.cpp"
Finished building: ../ProjectRase.cpp
 
Building target: ProjectRase.elf
Invoking: AVR C++ Linker
avr-gcc -Os -Wl,--gc-sections  -L"C:\Users\alex\workspaceArduino\Arduino_Mega_2560_or_Mega_ADK/Release" -mmcu=atmega2560 -o"ProjectRase.elf"  ./DeplacementManuel.o ./ProjectRase.o   -l"Arduino_Mega_2560_or_Mega_ADK" -lm
Finished building target: ProjectRase.elf
 
Invoking: AVR Create Extended Listing
avr-objdump -h -S ProjectRase.elf  >"ProjectRase.lss"
Finished building: ProjectRase.lss
 
Create Flash image (ihex format)
avr-objcopy -R .eeprom -O ihex ProjectRase.elf  "ProjectRase.hex"
Finished building: ProjectRase.hex
 
Create eeprom image (ihex format)
avr-objcopy -j .eeprom --no-change-warnings --change-section-lma .eeprom=0 -O ihex ProjectRase.elf  "ProjectRase.eep"
Finished building: ProjectRase.eep
 
Invoking: Print Size
avr-size --format=avr --mcu=atmega2560 ProjectRase.elf
AVR Memory Usage
----------------
Device: atmega2560

Program:    6568 bytes (2.5% Full)
(.text + .data + .bootloader)

Data:        856 bytes (10.4% Full)
(.data + .bss + .noinit)


Finished building: sizedummy
 

**** Build Finished ****
